<?xml version="1.0" encoding="UTF-8"?>
<!-- Generated by org.testng.reporters.JUnitReportReporter -->
<testsuite skipped="0" hostname="DESKTOP-8SOT2SL" name="extendsreports.ExtentDemo" tests="1" failures="0" timestamp="2022-03-22T20:26:41 IST" time="28.571" errors="0">
  <testcase name="initialDemo" time="28.571" classname="extendsreports.ExtentDemo"/>
  <system-out/>
</testsuite> <!-- extendsreports.ExtentDemo -->
